已經開始建置於 2014/03/08 16:30:47。
     1>節點 2 (build 目標) 上的專案 "C:\Users\user\Desktop\工數-GIT\Matrix_HW\Matrix_HW.vcxproj"。
     1>InitializeBuildStatus:
         由於指定了 "AlwaysCreate"，因此正在建立 "Release\Matrix_HW.unsuccessfulbuild"。
       GenerateTargetFrameworkMonikerAttribute:
       將略過目標 "GenerateTargetFrameworkMonikerAttribute"，因為所有輸出檔對於其輸入檔而言都已更新。
       ClCompile:
         所有輸出都是最新的。
         所有輸出都是最新的。
         所有輸出都是最新的。
       CoreResGen:
         相對於資源的來源檔案，並沒有資源過期。將略過產生資源。
       ResourceCompile:
         所有輸出都是最新的。
       Link:
         所有輸出都是最新的。
         Matrix_HW.vcxproj -> C:\Users\user\Desktop\工數-GIT\Release\Matrix_HW.exe
       FinalizeBuildStatus:
         正在刪除檔案 "Release\Matrix_HW.unsuccessfulbuild"。
         正在變更時間戳記 "Release\Matrix_HW.lastbuildstate"。
     1>專案 "C:\Users\user\Desktop\工數-GIT\Matrix_HW\Matrix_HW.vcxproj" (build 目標) 建置完成。

建置成功。

經過時間 00:00:00.14
