C:\WORKING_PRJ\MATRIX_HW\MATRIX_HW\RELEASE\APP.RES
C:\WORKING_PRJ\MATRIX_HW\MATRIX_HW\RELEASE\ASSEMBLYINFO.OBJ
C:\WORKING_PRJ\MATRIX_HW\MATRIX_HW\RELEASE\MATRIX_HW.EXE.INTERMEDIATE.MANIFEST
C:\WORKING_PRJ\MATRIX_HW\MATRIX_HW\RELEASE\MATRIX_HW.FORM1.RESOURCES
C:\WORKING_PRJ\MATRIX_HW\MATRIX_HW\RELEASE\MATRIX_HW.OBJ
C:\WORKING_PRJ\MATRIX_HW\MATRIX_HW\RELEASE\MATRIX_HW.PCH
C:\WORKING_PRJ\MATRIX_HW\MATRIX_HW\RELEASE\STDAFX.OBJ
C:\WORKING_PRJ\MATRIX_HW\MATRIX_HW\RELEASE\VC100.PDB
C:\WORKING_PRJ\MATRIX_HW\RELEASE\MATRIX_HW.EXE
C:\WORKING_PRJ\MATRIX_HW\RELEASE\MATRIX_HW.PDB
D:\工程數學\範例程式\MATRIX_HW\MATRIX_HW\RELEASE\.NETFRAMEWORK,VERSION=V4.0.ASSEMBLYATTRIBUTES.OBJ
D:\工程數學\範例程式\MATRIX_HW\MATRIX_HW\RELEASE\APP.RES
D:\工程數學\範例程式\MATRIX_HW\MATRIX_HW\RELEASE\ASSEMBLYINFO.OBJ
D:\工程數學\範例程式\Matrix_HW\Matrix_HW\Release\cl.command.1.tlog
D:\工程數學\範例程式\Matrix_HW\Matrix_HW\Release\CL.read.1.tlog
D:\工程數學\範例程式\Matrix_HW\Matrix_HW\Release\CL.write.1.tlog
D:\工程數學\範例程式\MATRIX_HW\MATRIX_HW\RELEASE\DOTNETUITILITIES.OBJ
D:\工程數學\範例程式\Matrix_HW\Matrix_HW\Release\GenerateResource.read.1.tlog
D:\工程數學\範例程式\Matrix_HW\Matrix_HW\Release\GenerateResource.read.10.tlog
D:\工程數學\範例程式\Matrix_HW\Matrix_HW\Release\GenerateResource.read.24.tlog
D:\工程數學\範例程式\Matrix_HW\Matrix_HW\Release\GenerateResource.read.327.tlog
D:\工程數學\範例程式\Matrix_HW\Matrix_HW\Release\GenerateResource.read.7.tlog
D:\工程數學\範例程式\Matrix_HW\Matrix_HW\Release\GenerateResource.write.1.tlog
D:\工程數學\範例程式\Matrix_HW\Matrix_HW\Release\GenerateResource.write.10.tlog
D:\工程數學\範例程式\Matrix_HW\Matrix_HW\Release\GenerateResource.write.24.tlog
D:\工程數學\範例程式\Matrix_HW\Matrix_HW\Release\GenerateResource.write.327.tlog
D:\工程數學\範例程式\Matrix_HW\Matrix_HW\Release\GenerateResource.write.7.tlog
D:\工程數學\範例程式\Matrix_HW\Matrix_HW\Release\link.command.1.tlog
D:\工程數學\範例程式\Matrix_HW\Matrix_HW\Release\link.read.1.tlog
D:\工程數學\範例程式\Matrix_HW\Matrix_HW\Release\link.write.1.tlog
D:\工程數學\範例程式\Matrix_HW\Matrix_HW\Release\link-cvtres.read.1.tlog
D:\工程數學\範例程式\Matrix_HW\Matrix_HW\Release\link-cvtres.write.1.tlog
D:\工程數學\範例程式\MATRIX_HW\MATRIX_HW\RELEASE\MATRIX_HW.EXE.INTERMEDIATE.MANIFEST
D:\工程數學\範例程式\MATRIX_HW\MATRIX_HW\RELEASE\MATRIX_HW.FORM1.RESOURCES
D:\工程數學\範例程式\MATRIX_HW\MATRIX_HW\RELEASE\MATRIX_HW.OBJ
D:\工程數學\範例程式\MATRIX_HW\MATRIX_HW\RELEASE\MATRIX_HW.PCH
D:\工程數學\範例程式\Matrix_HW\Matrix_HW\Release\Matrix_HW.write.1.tlog
D:\工程數學\範例程式\Matrix_HW\Matrix_HW\Release\mt.command.1.tlog
D:\工程數學\範例程式\Matrix_HW\Matrix_HW\Release\mt.read.1.tlog
D:\工程數學\範例程式\Matrix_HW\Matrix_HW\Release\mt.write.1.tlog
D:\工程數學\範例程式\Matrix_HW\Matrix_HW\Release\rc.command.1.tlog
D:\工程數學\範例程式\Matrix_HW\Matrix_HW\Release\rc.read.1.tlog
D:\工程數學\範例程式\Matrix_HW\Matrix_HW\Release\rc.write.1.tlog
D:\工程數學\範例程式\MATRIX_HW\MATRIX_HW\RELEASE\STDAFX.OBJ
D:\工程數學\範例程式\MATRIX_HW\MATRIX_HW\RELEASE\VC100.PDB
D:\工程數學\範例程式\MATRIX_HW\RELEASE\MATRIX_HW.EXE
D:\工程數學\範例程式\MATRIX_HW\RELEASE\MATRIX_HW.PDB
