Build started 2014/3/8 上午 12:37:39.
     1>Project "C:\Users\event1233134\Documents\em\Matrix_HW\Matrix_HW.vcxproj" on node 2 (build target(s)).
     1>InitializeBuildStatus:
         Creating "Debug\Matrix_HW.unsuccessfulbuild" because "AlwaysCreate" was specified.
       GenerateTargetFrameworkMonikerAttribute:
       Skipping target "GenerateTargetFrameworkMonikerAttribute" because all output files are up-to-date with respect to the input files.
       ClCompile:
         All outputs are up-to-date.
         All outputs are up-to-date.
         All outputs are up-to-date.
       CoreResGen:
         No resources are out of date with respect to their source files. Skipping resource generation.
       ResourceCompile:
         All outputs are up-to-date.
       Link:
         All outputs are up-to-date.
         Matrix_HW.vcxproj -> C:\Users\event1233134\Documents\em\Debug\Matrix_HW.exe
       FinalizeBuildStatus:
         Deleting file "Debug\Matrix_HW.unsuccessfulbuild".
         Touching "Debug\Matrix_HW.lastbuildstate".
     1>Done Building Project "C:\Users\event1233134\Documents\em\Matrix_HW\Matrix_HW.vcxproj" (build target(s)).

Build succeeded.

Time Elapsed 00:00:00.10
